
*** Running vivado
    with args -log top.vds -m64 -product Vivado -mode batch -messageDb vivado.pb -notrace -source top.tcl



****** Vivado v2025.1 (64-bit)
  **** SW Build 6140274 on Thu May 22 00:12:29 MDT 2025
  **** IP Build 6138677 on Thu May 22 03:10:11 MDT 2025
  **** SharedData Build 6139179 on Tue May 20 17:58:58 MDT 2025
  **** Start of session at: Sat Oct 18 16:09:15 2025
    ** Copyright 1986-2022 Xilinx, Inc. All Rights Reserved.
    ** Copyright 2022-2025 Advanced Micro Devices, Inc. All Rights Reserved.

source top.tcl -notrace
Command: read_checkpoint -auto_incremental -incremental C:/Users/sofia/Desktop/Documentos/2025/arqui/proyecto-1---arquitectura-de-computadores/proyecto_parcial.srcs/utils_1/imports/synth_1/top.dcp
INFO: [Vivado 12-5825] Read reference checkpoint from C:/Users/sofia/Desktop/Documentos/2025/arqui/proyecto-1---arquitectura-de-computadores/proyecto_parcial.srcs/utils_1/imports/synth_1/top.dcp for incremental synthesis
INFO: [Vivado 12-7989] Please ensure there are no constraint changes
Command: synth_design -top top -part xc7a35tcpg236-1
Starting synth_design
Attempting to get a license for feature 'Synthesis' and/or device 'xc7a35t'
INFO: [Common 17-349] Got license for feature 'Synthesis' and/or device 'xc7a35t'
INFO: [Device 21-403] Loading part xc7a35tcpg236-1
INFO: [Designutils 20-5440] No compile time benefit to using incremental synthesis; A full resynthesis will be run
INFO: [Designutils 20-4379] Flow is switching to default flow due to incremental criteria not met. If you would like to alter this behaviour and have the flow terminate instead, please set the following parameter config_implementation {autoIncr.Synth.RejectBehavior Terminate}
INFO: [Synth 8-7079] Multithreading enabled for synth_design using a maximum of 2 processes.
INFO: [Synth 8-7078] Launching helper process for spawning children vivado processes
INFO: [Synth 8-7075] Helper process launched with PID 10308
---------------------------------------------------------------------------------
Starting RTL Elaboration : Time (s): cpu = 00:00:05 ; elapsed = 00:00:06 . Memory (MB): peak = 1183.293 ; gain = 494.859
---------------------------------------------------------------------------------
INFO: [Synth 8-6157] synthesizing module 'top' [C:/Users/sofia/Desktop/Documentos/2025/arqui/proyecto-1---arquitectura-de-computadores/proyecto_parcial.srcs/sources_1/new/top.v:2]
INFO: [Synth 8-6157] synthesizing module 'falu' [C:/Users/sofia/Desktop/Documentos/2025/arqui/proyecto-1---arquitectura-de-computadores/proyecto_parcial.srcs/sources_1/new/falu.v:2]
INFO: [Synth 8-6157] synthesizing module 'fadd' [C:/Users/sofia/Desktop/Documentos/2025/arqui/proyecto-1---arquitectura-de-computadores/proyecto_parcial.srcs/sources_1/new/fadd.v:2]
INFO: [Synth 8-6157] synthesizing module 'fp16_32' [C:/Users/sofia/Desktop/Documentos/2025/arqui/proyecto-1---arquitectura-de-computadores/proyecto_parcial.srcs/sources_1/new/fp16_32.v:2]
INFO: [Synth 8-6155] done synthesizing module 'fp16_32' (0#1) [C:/Users/sofia/Desktop/Documentos/2025/arqui/proyecto-1---arquitectura-de-computadores/proyecto_parcial.srcs/sources_1/new/fp16_32.v:2]
INFO: [Synth 8-6157] synthesizing module 'fp32_16' [C:/Users/sofia/Desktop/Documentos/2025/arqui/proyecto-1---arquitectura-de-computadores/proyecto_parcial.srcs/sources_1/new/fp32_16.v:2]
INFO: [Synth 8-6155] done synthesizing module 'fp32_16' (0#1) [C:/Users/sofia/Desktop/Documentos/2025/arqui/proyecto-1---arquitectura-de-computadores/proyecto_parcial.srcs/sources_1/new/fp32_16.v:2]
INFO: [Synth 8-6155] done synthesizing module 'fadd' (0#1) [C:/Users/sofia/Desktop/Documentos/2025/arqui/proyecto-1---arquitectura-de-computadores/proyecto_parcial.srcs/sources_1/new/fadd.v:2]
INFO: [Synth 8-6157] synthesizing module 'fsub' [C:/Users/sofia/Desktop/Documentos/2025/arqui/proyecto-1---arquitectura-de-computadores/proyecto_parcial.srcs/sources_1/new/fsub.v:2]
INFO: [Synth 8-6155] done synthesizing module 'fsub' (0#1) [C:/Users/sofia/Desktop/Documentos/2025/arqui/proyecto-1---arquitectura-de-computadores/proyecto_parcial.srcs/sources_1/new/fsub.v:2]
INFO: [Synth 8-6157] synthesizing module 'fmul' [C:/Users/sofia/Desktop/Documentos/2025/arqui/proyecto-1---arquitectura-de-computadores/codigoMul/fmul.v:2]
INFO: [Synth 8-6155] done synthesizing module 'fmul' (0#1) [C:/Users/sofia/Desktop/Documentos/2025/arqui/proyecto-1---arquitectura-de-computadores/codigoMul/fmul.v:2]
INFO: [Synth 8-6157] synthesizing module 'fdiv' [C:/Users/sofia/Desktop/Documentos/2025/arqui/proyecto-1---arquitectura-de-computadores/proyecto_parcial.srcs/sources_1/new/fdiv.v:2]
INFO: [Synth 8-6155] done synthesizing module 'fdiv' (0#1) [C:/Users/sofia/Desktop/Documentos/2025/arqui/proyecto-1---arquitectura-de-computadores/proyecto_parcial.srcs/sources_1/new/fdiv.v:2]
INFO: [Synth 8-226] default block is never used [C:/Users/sofia/Desktop/Documentos/2025/arqui/proyecto-1---arquitectura-de-computadores/proyecto_parcial.srcs/sources_1/new/falu.v:29]
INFO: [Synth 8-6155] done synthesizing module 'falu' (0#1) [C:/Users/sofia/Desktop/Documentos/2025/arqui/proyecto-1---arquitectura-de-computadores/proyecto_parcial.srcs/sources_1/new/falu.v:2]
INFO: [Synth 8-155] case statement is not full and has no default [C:/Users/sofia/Desktop/Documentos/2025/arqui/proyecto-1---arquitectura-de-computadores/proyecto_parcial.srcs/sources_1/new/top.v:45]
INFO: [Synth 8-155] case statement is not full and has no default [C:/Users/sofia/Desktop/Documentos/2025/arqui/proyecto-1---arquitectura-de-computadores/proyecto_parcial.srcs/sources_1/new/top.v:66]
INFO: [Synth 8-6155] done synthesizing module 'top' (0#1) [C:/Users/sofia/Desktop/Documentos/2025/arqui/proyecto-1---arquitectura-de-computadores/proyecto_parcial.srcs/sources_1/new/top.v:2]
WARNING: [Synth 8-3936] Found unconnected internal register 'r_m_reg' and it is trimmed from '25' to '23' bits. [C:/Users/sofia/Desktop/Documentos/2025/arqui/proyecto-1---arquitectura-de-computadores/proyecto_parcial.srcs/sources_1/new/fadd.v:206]
WARNING: [Synth 8-3936] Found unconnected internal register 'r_m_reg' and it is trimmed from '25' to '23' bits. [C:/Users/sofia/Desktop/Documentos/2025/arqui/proyecto-1---arquitectura-de-computadores/codigoMul/fmul.v:120]
WARNING: [Synth 8-3936] Found unconnected internal register 'r_m_reg' and it is trimmed from '25' to '23' bits. [C:/Users/sofia/Desktop/Documentos/2025/arqui/proyecto-1---arquitectura-de-computadores/proyecto_parcial.srcs/sources_1/new/fdiv.v:113]
---------------------------------------------------------------------------------
Finished RTL Elaboration : Time (s): cpu = 00:00:07 ; elapsed = 00:00:07 . Memory (MB): peak = 1301.113 ; gain = 612.680
---------------------------------------------------------------------------------
---------------------------------------------------------------------------------
Start Handling Custom Attributes
---------------------------------------------------------------------------------
---------------------------------------------------------------------------------
Finished Handling Custom Attributes : Time (s): cpu = 00:00:07 ; elapsed = 00:00:07 . Memory (MB): peak = 1301.113 ; gain = 612.680
---------------------------------------------------------------------------------
---------------------------------------------------------------------------------
Finished RTL Optimization Phase 1 : Time (s): cpu = 00:00:07 ; elapsed = 00:00:07 . Memory (MB): peak = 1301.113 ; gain = 612.680
---------------------------------------------------------------------------------
Netlist sorting complete. Time (s): cpu = 00:00:00 ; elapsed = 00:00:00.034 . Memory (MB): peak = 1301.113 ; gain = 0.000
INFO: [Project 1-570] Preparing netlist for logic optimization

Processing XDC Constraints
Initializing timing engine
Parsing XDC File [C:/Users/sofia/Desktop/Documentos/2025/arqui/proyecto-1---arquitectura-de-computadores/proyecto_parcial.srcs/constrs_1/new/const.xdc]
Finished Parsing XDC File [C:/Users/sofia/Desktop/Documentos/2025/arqui/proyecto-1---arquitectura-de-computadores/proyecto_parcial.srcs/constrs_1/new/const.xdc]
INFO: [Project 1-236] Implementation specific constraints were found while reading constraint file [C:/Users/sofia/Desktop/Documentos/2025/arqui/proyecto-1---arquitectura-de-computadores/proyecto_parcial.srcs/constrs_1/new/const.xdc]. These constraints will be ignored for synthesis but will be used in implementation. Impacted constraints are listed in the file [.Xil/top_propImpl.xdc].
Resolution: To avoid this warning, move constraints listed in [.Xil/top_propImpl.xdc] to another XDC file and exclude this new file from synthesis with the used_in_synthesis property (File Properties dialog in GUI) and re-run elaboration/synthesis.
Completed Processing XDC Constraints

Netlist sorting complete. Time (s): cpu = 00:00:00 ; elapsed = 00:00:00 . Memory (MB): peak = 1379.805 ; gain = 0.000
INFO: [Project 1-111] Unisim Transformation Summary:
No Unisim elements were transformed.

Constraint Validation Runtime : Time (s): cpu = 00:00:00 ; elapsed = 00:00:00.005 . Memory (MB): peak = 1379.805 ; gain = 0.000
INFO: [Designutils 20-5440] No compile time benefit to using incremental synthesis; A full resynthesis will be run
INFO: [Designutils 20-4379] Flow is switching to default flow due to incremental criteria not met. If you would like to alter this behaviour and have the flow terminate instead, please set the following parameter config_implementation {autoIncr.Synth.RejectBehavior Terminate}
---------------------------------------------------------------------------------
Finished Constraint Validation : Time (s): cpu = 00:00:15 ; elapsed = 00:00:16 . Memory (MB): peak = 1379.805 ; gain = 691.371
---------------------------------------------------------------------------------
---------------------------------------------------------------------------------
Start Loading Part and Timing Information
---------------------------------------------------------------------------------
Loading part: xc7a35tcpg236-1
---------------------------------------------------------------------------------
Finished Loading Part and Timing Information : Time (s): cpu = 00:00:15 ; elapsed = 00:00:16 . Memory (MB): peak = 1379.805 ; gain = 691.371
---------------------------------------------------------------------------------
---------------------------------------------------------------------------------
Start Applying 'set_property' XDC Constraints
---------------------------------------------------------------------------------
---------------------------------------------------------------------------------
Finished applying 'set_property' XDC Constraints : Time (s): cpu = 00:00:15 ; elapsed = 00:00:16 . Memory (MB): peak = 1379.805 ; gain = 691.371
---------------------------------------------------------------------------------
INFO: [Synth 8-802] inferred FSM for state register 'state_reg' in module 'top'
---------------------------------------------------------------------------------------------------
                   State |                     New Encoding |                Previous Encoding 
---------------------------------------------------------------------------------------------------
                    IDLE |                              000 |                              000
               LOAD_CTRL |                              001 |                              001
              LOAD_A_LOW |                              010 |                              010
             LOAD_A_HIGH |                              011 |                              011
              LOAD_B_LOW |                              100 |                              100
             LOAD_B_HIGH |                              101 |                              101
             SHOW_RESULT |                              110 |                              110
---------------------------------------------------------------------------------------------------
INFO: [Synth 8-3354] encoded FSM with state register 'state_reg' using encoding 'sequential' in module 'top'
---------------------------------------------------------------------------------
Finished RTL Optimization Phase 2 : Time (s): cpu = 00:00:16 ; elapsed = 00:00:17 . Memory (MB): peak = 1379.805 ; gain = 691.371
---------------------------------------------------------------------------------
---------------------------------------------------------------------------------
Start RTL Component Statistics 
---------------------------------------------------------------------------------
Detailed RTL Component Info : 
+---Adders : 
	   2 Input   32 Bit       Adders := 5     
	   3 Input   28 Bit       Adders := 2     
	   2 Input   27 Bit       Adders := 4     
	   2 Input   25 Bit       Adders := 4     
	   2 Input   11 Bit       Adders := 2     
	   3 Input   11 Bit       Adders := 1     
	   2 Input    9 Bit       Adders := 2     
	   3 Input    9 Bit       Adders := 1     
	   2 Input    8 Bit       Adders := 23    
	   3 Input    8 Bit       Adders := 3     
	   3 Input    6 Bit       Adders := 4     
	   2 Input    6 Bit       Adders := 1     
	   2 Input    2 Bit       Adders := 1     
+---XORs : 
	   2 Input      1 Bit         XORs := 2     
+---Registers : 
	               32 Bit    Registers := 3     
	               16 Bit    Registers := 1     
	                5 Bit    Registers := 1     
	                2 Bit    Registers := 2     
	                1 Bit    Registers := 3     
+---Muxes : 
	   2 Input   32 Bit        Muxes := 29    
	   5 Input   32 Bit        Muxes := 1     
	   4 Input   32 Bit        Muxes := 1     
	   6 Input   32 Bit        Muxes := 2     
	   2 Input   28 Bit        Muxes := 8     
	   2 Input   27 Bit        Muxes := 17    
	   2 Input   23 Bit        Muxes := 12    
	   2 Input   16 Bit        Muxes := 12    
	   4 Input   16 Bit        Muxes := 1     
	   2 Input   13 Bit        Muxes := 8     
	   2 Input   12 Bit        Muxes := 8     
	   2 Input   11 Bit        Muxes := 8     
	   2 Input   10 Bit        Muxes := 8     
	   2 Input    9 Bit        Muxes := 88    
	   2 Input    8 Bit        Muxes := 37    
	   2 Input    7 Bit        Muxes := 8     
	   2 Input    6 Bit        Muxes := 8     
	   2 Input    5 Bit        Muxes := 16    
	   5 Input    5 Bit        Muxes := 1     
	   4 Input    5 Bit        Muxes := 1     
	   2 Input    4 Bit        Muxes := 5     
	   7 Input    3 Bit        Muxes := 1     
	   2 Input    2 Bit        Muxes := 1     
	   2 Input    1 Bit        Muxes := 93    
	   6 Input    1 Bit        Muxes := 2     
	   7 Input    1 Bit        Muxes := 1     
---------------------------------------------------------------------------------
Finished RTL Component Statistics 
---------------------------------------------------------------------------------
---------------------------------------------------------------------------------
Start Part Resource Summary
---------------------------------------------------------------------------------
Part Resources:
DSPs: 90 (col length:60)
BRAMs: 100 (col length: RAMB18 60 RAMB36 30)
---------------------------------------------------------------------------------
Finished Part Resource Summary
---------------------------------------------------------------------------------
---------------------------------------------------------------------------------
Start Cross Boundary and Area Optimization
---------------------------------------------------------------------------------
WARNING: [Synth 8-7080] Parallel synthesis criteria is not met
DSP Report: Generating DSP n_m2, operation Mode is: A*B.
DSP Report: operator n_m2 is absorbed into DSP n_m2.
DSP Report: operator n_m2 is absorbed into DSP n_m2.
DSP Report: Generating DSP n_m2, operation Mode is: (PCIN>>17)+A*B.
DSP Report: operator n_m2 is absorbed into DSP n_m2.
DSP Report: operator n_m2 is absorbed into DSP n_m2.
---------------------------------------------------------------------------------
Finished Cross Boundary and Area Optimization : Time (s): cpu = 00:00:50 ; elapsed = 00:00:52 . Memory (MB): peak = 1594.672 ; gain = 906.238
---------------------------------------------------------------------------------
 Sort Area is  n_m2_0 : 0 0 : 3446 4760 : Used 1 time 0
 Sort Area is  n_m2_0 : 0 1 : 1314 4760 : Used 1 time 0
---------------------------------------------------------------------------------
Start ROM, RAM, DSP, Shift Register and Retiming Reporting
---------------------------------------------------------------------------------

DSP: Preliminary Mapping Report (see note below. The ' indicates corresponding REG is set)
+------------+----------------+--------+--------+--------+--------+--------+------+------+------+------+-------+------+------+
|Module Name | DSP Mapping    | A Size | B Size | C Size | D Size | P Size | AREG | BREG | CREG | DREG | ADREG | MREG | PREG | 
+------------+----------------+--------+--------+--------+--------+--------+------+------+------+------+-------+------+------+
|fmul        | A*B            | 25     | 18     | -      | -      | 48     | 0    | 0    | -    | -    | -     | 0    | 0    | 
|fmul        | (PCIN>>17)+A*B | 25     | 8      | -      | -      | 31     | 0    | 0    | -    | -    | -     | 0    | 0    | 
+------------+----------------+--------+--------+--------+--------+--------+------+------+------+------+-------+------+------+

Note: The table above is a preliminary report that shows the DSPs inferred at the current stage of the synthesis flow. Some DSP may be reimplemented as non DSP primitives later in the synthesis flow. Multiple instantiated DSPs are reported only once.
---------------------------------------------------------------------------------
Finished ROM, RAM, DSP, Shift Register and Retiming Reporting
---------------------------------------------------------------------------------
---------------------------------------------------------------------------------
Start Applying XDC Timing Constraints
---------------------------------------------------------------------------------
---------------------------------------------------------------------------------
Finished Applying XDC Timing Constraints : Time (s): cpu = 00:00:58 ; elapsed = 00:01:00 . Memory (MB): peak = 1594.672 ; gain = 906.238
---------------------------------------------------------------------------------
---------------------------------------------------------------------------------
Start Timing Optimization
---------------------------------------------------------------------------------
---------------------------------------------------------------------------------
Finished Timing Optimization : Time (s): cpu = 00:01:11 ; elapsed = 00:01:12 . Memory (MB): peak = 1822.773 ; gain = 1134.340
---------------------------------------------------------------------------------
---------------------------------------------------------------------------------
Start Technology Mapping
---------------------------------------------------------------------------------
---------------------------------------------------------------------------------
Finished Technology Mapping : Time (s): cpu = 00:01:12 ; elapsed = 00:01:14 . Memory (MB): peak = 1855.133 ; gain = 1166.699
---------------------------------------------------------------------------------
---------------------------------------------------------------------------------
Start IO Insertion
---------------------------------------------------------------------------------
---------------------------------------------------------------------------------
Start Flattening Before IO Insertion
---------------------------------------------------------------------------------
---------------------------------------------------------------------------------
Finished Flattening Before IO Insertion
---------------------------------------------------------------------------------
---------------------------------------------------------------------------------
Start Final Netlist Cleanup
---------------------------------------------------------------------------------
---------------------------------------------------------------------------------
Finished Final Netlist Cleanup
---------------------------------------------------------------------------------
---------------------------------------------------------------------------------
Finished IO Insertion : Time (s): cpu = 00:01:16 ; elapsed = 00:01:18 . Memory (MB): peak = 1978.832 ; gain = 1290.398
---------------------------------------------------------------------------------
---------------------------------------------------------------------------------
Start Renaming Generated Instances
---------------------------------------------------------------------------------
---------------------------------------------------------------------------------
Finished Renaming Generated Instances : Time (s): cpu = 00:01:16 ; elapsed = 00:01:18 . Memory (MB): peak = 1978.832 ; gain = 1290.398
---------------------------------------------------------------------------------
---------------------------------------------------------------------------------
Start Rebuilding User Hierarchy
---------------------------------------------------------------------------------
---------------------------------------------------------------------------------
Finished Rebuilding User Hierarchy : Time (s): cpu = 00:01:17 ; elapsed = 00:01:18 . Memory (MB): peak = 1978.832 ; gain = 1290.398
---------------------------------------------------------------------------------
---------------------------------------------------------------------------------
Start Renaming Generated Ports
---------------------------------------------------------------------------------
---------------------------------------------------------------------------------
Finished Renaming Generated Ports : Time (s): cpu = 00:01:17 ; elapsed = 00:01:18 . Memory (MB): peak = 1978.832 ; gain = 1290.398
---------------------------------------------------------------------------------
---------------------------------------------------------------------------------
Start Handling Custom Attributes
---------------------------------------------------------------------------------
---------------------------------------------------------------------------------
Finished Handling Custom Attributes : Time (s): cpu = 00:01:17 ; elapsed = 00:01:19 . Memory (MB): peak = 1978.832 ; gain = 1290.398
---------------------------------------------------------------------------------
---------------------------------------------------------------------------------
Start Renaming Generated Nets
---------------------------------------------------------------------------------
---------------------------------------------------------------------------------
Finished Renaming Generated Nets : Time (s): cpu = 00:01:17 ; elapsed = 00:01:19 . Memory (MB): peak = 1978.832 ; gain = 1290.398
---------------------------------------------------------------------------------
---------------------------------------------------------------------------------
Start Writing Synthesis Report
---------------------------------------------------------------------------------

DSP Final Report (the ' indicates corresponding REG is set)
+------------+--------------+--------+--------+--------+--------+--------+------+------+------+------+-------+------+------+
|Module Name | DSP Mapping  | A Size | B Size | C Size | D Size | P Size | AREG | BREG | CREG | DREG | ADREG | MREG | PREG | 
+------------+--------------+--------+--------+--------+--------+--------+------+------+------+------+-------+------+------+
|fmul        | A*B          | 24     | 17     | -      | -      | 48     | 0    | 0    | -    | -    | -     | 0    | 0    | 
|fmul        | PCIN>>17+A*B | 24     | 7      | -      | -      | 31     | 0    | 0    | -    | -    | -     | 0    | 0    | 
+------------+--------------+--------+--------+--------+--------+--------+------+------+------+------+-------+------+------+


Report BlackBoxes: 
+-+--------------+----------+
| |BlackBox name |Instances |
+-+--------------+----------+
+-+--------------+----------+

Report Cell Usage: 
+------+--------+------+
|      |Cell    |Count |
+------+--------+------+
|1     |BUFG    |     1|
|2     |CARRY4  |   485|
|3     |DSP48E1 |     2|
|4     |LUT1    |    27|
|5     |LUT2    |   372|
|6     |LUT3    |   945|
|7     |LUT4    |  1100|
|8     |LUT5    |   546|
|9     |LUT6    |  1392|
|10    |FDRE    |   136|
|11    |IBUF    |    20|
|12    |OBUF    |    16|
+------+--------+------+
---------------------------------------------------------------------------------
Finished Writing Synthesis Report : Time (s): cpu = 00:01:17 ; elapsed = 00:01:19 . Memory (MB): peak = 1978.832 ; gain = 1290.398
---------------------------------------------------------------------------------
Synthesis finished with 0 errors, 0 critical warnings and 1 warnings.
Synthesis Optimization Runtime : Time (s): cpu = 00:01:08 ; elapsed = 00:01:17 . Memory (MB): peak = 1978.832 ; gain = 1211.707
Synthesis Optimization Complete : Time (s): cpu = 00:01:17 ; elapsed = 00:01:19 . Memory (MB): peak = 1978.832 ; gain = 1290.398
INFO: [Project 1-571] Translating synthesized netlist
Netlist sorting complete. Time (s): cpu = 00:00:00 ; elapsed = 00:00:00.032 . Memory (MB): peak = 1988.004 ; gain = 0.000
INFO: [Netlist 29-17] Analyzing 487 Unisim elements for replacement
INFO: [Netlist 29-28] Unisim Transformation completed in 0 CPU seconds
INFO: [Project 1-570] Preparing netlist for logic optimization
INFO: [Opt 31-138] Pushed 0 inverter(s) to 0 load pin(s).
Netlist sorting complete. Time (s): cpu = 00:00:00 ; elapsed = 00:00:00.002 . Memory (MB): peak = 1991.707 ; gain = 0.000
INFO: [Project 1-111] Unisim Transformation Summary:
No Unisim elements were transformed.

Synth Design complete | Checksum: 32e8bbc6
INFO: [Common 17-83] Releasing license: Synthesis
42 Infos, 4 Warnings, 0 Critical Warnings and 0 Errors encountered.
synth_design completed successfully
synth_design: Time (s): cpu = 00:01:22 ; elapsed = 00:01:25 . Memory (MB): peak = 1991.707 ; gain = 1489.875
Write ShapeDB Complete: Time (s): cpu = 00:00:00 ; elapsed = 00:00:00.010 . Memory (MB): peak = 1991.707 ; gain = 0.000
INFO: [Common 17-1381] The checkpoint 'C:/Users/sofia/Desktop/Documentos/2025/arqui/proyecto-1---arquitectura-de-computadores/proyecto_parcial.runs/synth_1/top.dcp' has been generated.
INFO: [Vivado 12-24828] Executing command : report_utilization -file top_utilization_synth.rpt -pb top_utilization_synth.pb
INFO: [Common 17-206] Exiting Vivado at Sat Oct 18 16:10:47 2025...
